<?xml version="1.0" encoding="UTF-8"?>
<!-- Generated by org.testng.reporters.JUnitXMLReporter -->
<testsuite hostname="Lenovo-PC" ignored="0" name="Home Page Test" tests="4" failures="0" timestamp="08 Oct 2020 20:23:47 GMT" time="41.211" errors="0">
  <testcase name="verifyHomePageTitleTest" time="20.269" classname="com.qa.hubspot.tests.HomePageTest"/>
  <testcase name="verifyHomePageHeaderTest" time="0.297" classname="com.qa.hubspot.tests.HomePageTest"/>
  <testcase name="verifyHeaderNavigationLinks" time="0.786" classname="com.qa.hubspot.tests.HomePageTest"/>
  <testcase name="verifyHomePageLoggedInUserNameAndUserIDTest" time="0.466" classname="com.qa.hubspot.tests.HomePageTest"/>
</testsuite> <!-- Home Page Test -->
