<?xml version="1.0" encoding="UTF-8"?>
<!-- Generated by org.testng.reporters.JUnitXMLReporter -->
<testsuite hostname="Lenovo-PC" ignored="0" name="Home Page Test" tests="4" failures="0" timestamp="11 Oct 2020 19:23:23 GMT" time="51.844" errors="0">
  <testcase name="verifyHomePageTitleTest" time="7.119" classname="com.qa.hubspot.tests.HomePageTest"/>
  <testcase name="verifyHomePageHeaderTest" time="2.913" classname="com.qa.hubspot.tests.HomePageTest"/>
  <testcase name="verifyHeaderNavigationLinks" time="1.268" classname="com.qa.hubspot.tests.HomePageTest"/>
  <testcase name="verifyHomePageLoggedInUserNameAndUserIDTest" time="0.587" classname="com.qa.hubspot.tests.HomePageTest"/>
</testsuite> <!-- Home Page Test -->
